BriskDelivery/app/build/intermediates/manifest_merge_blame_file/debug/manifest-merger-blame-debug-report.txt
1<?xml version="1.0" encoding="utf-8"?>
2<manifest xmlns:android="http://schemas.android.com/apk/res/android"
3    package="com.example.briskdelivery"
4    android:versionCode="1"
5    android:versionName="1.0" >
6
7    <uses-sdk
8        android:minSdkVersion="16"
8-->src\main\AndroidManifest.xml
9        android:targetSdkVersion="30" />
9-->src\main\AndroidManifest.xml
10
11    <uses-permission android:name="android.permission.INTERNET" />
11-->src\main\AndroidManifest.xml:5:5-67
11-->src\main\AndroidManifest.xml:5:22-64
12    <uses-permission android:name="android.permission.ACCESS_NETWORK_STATE" />
12-->[com.paypal.sdk:paypal-android-sdk:2.15.3] AndroidManifest.xml:9:5-79
12-->[com.paypal.sdk:paypal-android-sdk:2.15.3] AndroidManifest.xml:9:22-76
13    <uses-permission android:name="android.permission.CAMERA" />
13-->[io.card:android-sdk:5.5.0] AndroidManifest.xml:9:5-65
13-->[io.card:android-sdk:5.5.0] AndroidManifest.xml:9:22-62
14    <uses-permission android:name="android.permission.VIBRATE" />
14-->[io.card:android-sdk:5.5.0] AndroidManifest.xml:10:5-66
14-->[io.card:android-sdk:5.5.0] AndroidManifest.xml:10:22-63
15
16    <uses-feature
16-->[io.card:android-sdk:5.5.0] AndroidManifest.xml:12:5-14:36
17        android:name="android.hardware.camera"
17-->[io.card:android-sdk:5.5.0] AndroidManifest.xml:13:9-47
18        android:required="false" />
18-->[io.card:android-sdk:5.5.0] AndroidManifest.xml:14:9-33
19    <uses-feature
19-->[io.card:android-sdk:5.5.0] AndroidManifest.xml:15:5-17:36
20        android:name="android.hardware.camera.autofocus"
20-->[io.card:android-sdk:5.5.0] AndroidManifest.xml:16:9-57
21        android:required="false" />
21-->[io.card:android-sdk:5.5.0] AndroidManifest.xml:17:9-33
22
23    <application
23-->src\main\AndroidManifest.xml:7:5-36:19
24        android:allowBackup="true"
24-->src\main\AndroidManifest.xml:8:9-35
25        android:appComponentFactory="androidx.core.app.CoreComponentFactory"
25-->[androidx.core:core:1.3.1] AndroidManifest.xml:24:18-86
26        android:debuggable="true"
27        android:icon="@mipmap/ic_launcher"
27-->src\main\AndroidManifest.xml:9:9-43
28        android:label="@string/app_name"
28-->src\main\AndroidManifest.xml:10:9-41
29        android:roundIcon="@mipmap/ic_launcher_round"
29-->src\main\AndroidManifest.xml:11:9-54
30        android:supportsRtl="true"
30-->src\main\AndroidManifest.xml:12:9-35
31        android:testOnly="true"
32        android:theme="@style/Theme.BriskDelivery" >
32-->src\main\AndroidManifest.xml:13:9-51
33        <activity
33-->src\main\AndroidManifest.xml:14:9-17:79
34            android:name="com.example.briskdelivery.PaymentDetails"
34-->src\main\AndroidManifest.xml:15:13-43
35            android:label="@string/title_activity_payment_details"
35-->src\main\AndroidManifest.xml:16:13-67
36            android:theme="@style/Theme.BriskDelivery.NoActionBar" />
36-->src\main\AndroidManifest.xml:17:13-67
37        <activity android:name="com.example.briskdelivery.Invite" />
37-->src\main\AndroidManifest.xml:18:9-44
37-->src\main\AndroidManifest.xml:18:19-41
38        <activity android:name="com.example.briskdelivery.History" />
38-->src\main\AndroidManifest.xml:19:9-45
38-->src\main\AndroidManifest.xml:19:19-42
39        <activity android:name="com.example.briskdelivery.Account" />
39-->src\main\AndroidManifest.xml:20:9-45
39-->src\main\AndroidManifest.xml:20:19-42
40        <activity android:name="com.example.briskdelivery.Checkout" />
40-->src\main\AndroidManifest.xml:21:9-46
40-->src\main\AndroidManifest.xml:21:19-43
41        <activity android:name="com.example.briskdelivery.MenuDish" />
41-->src\main\AndroidManifest.xml:22:9-46
41-->src\main\AndroidManifest.xml:22:19-43
42        <activity android:name="com.example.briskdelivery.Menu" />
42-->src\main\AndroidManifest.xml:23:9-42
42-->src\main\AndroidManifest.xml:23:19-39
43        <activity android:name="com.example.briskdelivery.Options" />
43-->src\main\AndroidManifest.xml:24:9-45
43-->src\main\AndroidManifest.xml:24:19-42
44        <activity android:name="com.example.briskdelivery.RestaurantList" />
44-->src\main\AndroidManifest.xml:25:9-52
44-->src\main\AndroidManifest.xml:25:19-49
45        <activity android:name="com.example.briskdelivery.Login" />
45-->src\main\AndroidManifest.xml:26:9-43
45-->src\main\AndroidManifest.xml:26:19-40
46        <activity android:name="com.example.briskdelivery.Signup" />
46-->src\main\AndroidManifest.xml:27:9-44
46-->src\main\AndroidManifest.xml:27:19-41
47        <activity android:name="com.example.briskdelivery.ProfileActivity" />
47-->src\main\AndroidManifest.xml:28:9-53
47-->src\main\AndroidManifest.xml:28:19-50
48        <activity android:name="com.example.briskdelivery.MainActivity" >
48-->src\main\AndroidManifest.xml:29:9-35:20
48-->src\main\AndroidManifest.xml:29:19-47
49            <intent-filter>
49-->src\main\AndroidManifest.xml:30:13-34:29
50                <action android:name="android.intent.action.MAIN" />
50-->src\main\AndroidManifest.xml:31:17-69
50-->src\main\AndroidManifest.xml:31:25-66
51
52                <category android:name="android.intent.category.LAUNCHER" />
52-->src\main\AndroidManifest.xml:33:17-77
52-->src\main\AndroidManifest.xml:33:27-74
53            </intent-filter>
54        </activity>
55        <activity
55-->[com.google.android.gms:play-services-auth:19.0.0] AndroidManifest.xml:23:9-27:75
56            android:name="com.google.android.gms.auth.api.signin.internal.SignInHubActivity"
56-->[com.google.android.gms:play-services-auth:19.0.0] AndroidManifest.xml:24:13-93
57            android:excludeFromRecents="true"
57-->[com.google.android.gms:play-services-auth:19.0.0] AndroidManifest.xml:25:13-46
58            android:exported="false"
58-->[com.google.android.gms:play-services-auth:19.0.0] AndroidManifest.xml:26:13-37
59            android:theme="@android:style/Theme.Translucent.NoTitleBar" />
59-->[com.google.android.gms:play-services-auth:19.0.0] AndroidManifest.xml:27:13-72
60        <!--
61            Service handling Google Sign-In user revocation. For apps that do not integrate with
62            Google Sign-In, this service will never be started.
63        -->
64        <service
64-->[com.google.android.gms:play-services-auth:19.0.0] AndroidManifest.xml:33:9-37:51
65            android:name="com.google.android.gms.auth.api.signin.RevocationBoundService"
65-->[com.google.android.gms:play-services-auth:19.0.0] AndroidManifest.xml:34:13-89
66            android:exported="true"
66-->[com.google.android.gms:play-services-auth:19.0.0] AndroidManifest.xml:35:13-36
67            android:permission="com.google.android.gms.auth.api.signin.permission.REVOCATION_NOTIFICATION"
67-->[com.google.android.gms:play-services-auth:19.0.0] AndroidManifest.xml:36:13-107
68            android:visibleToInstantApps="true" />
68-->[com.google.android.gms:play-services-auth:19.0.0] AndroidManifest.xml:37:13-48
69
70        <activity android:name="com.paypal.android.sdk.payments.PaymentActivity" />
70-->[com.paypal.sdk:paypal-android-sdk:2.15.3] AndroidManifest.xml:13:9-84
70-->[com.paypal.sdk:paypal-android-sdk:2.15.3] AndroidManifest.xml:13:19-81
71        <activity android:name="com.paypal.android.sdk.payments.PaymentMethodActivity" />
71-->[com.paypal.sdk:paypal-android-sdk:2.15.3] AndroidManifest.xml:14:9-90
71-->[com.paypal.sdk:paypal-android-sdk:2.15.3] AndroidManifest.xml:14:19-87
72        <activity android:name="com.paypal.android.sdk.payments.PaymentConfirmActivity" />
72-->[com.paypal.sdk:paypal-android-sdk:2.15.3] AndroidManifest.xml:15:9-91
72-->[com.paypal.sdk:paypal-android-sdk:2.15.3] AndroidManifest.xml:15:19-88
73        <activity android:name="com.paypal.android.sdk.payments.LoginActivity" />
73-->[com.paypal.sdk:paypal-android-sdk:2.15.3] AndroidManifest.xml:16:9-82
73-->[com.paypal.sdk:paypal-android-sdk:2.15.3] AndroidManifest.xml:16:19-79
74        <activity android:name="com.paypal.android.sdk.payments.PayPalFuturePaymentActivity" />
74-->[com.paypal.sdk:paypal-android-sdk:2.15.3] AndroidManifest.xml:17:9-96
74-->[com.paypal.sdk:paypal-android-sdk:2.15.3] AndroidManifest.xml:17:19-93
75        <activity android:name="com.paypal.android.sdk.payments.FuturePaymentConsentActivity" />
75-->[com.paypal.sdk:paypal-android-sdk:2.15.3] AndroidManifest.xml:18:9-97
75-->[com.paypal.sdk:paypal-android-sdk:2.15.3] AndroidManifest.xml:18:19-94
76        <activity android:name="com.paypal.android.sdk.payments.FuturePaymentInfoActivity" />
76-->[com.paypal.sdk:paypal-android-sdk:2.15.3] AndroidManifest.xml:19:9-94
76-->[com.paypal.sdk:paypal-android-sdk:2.15.3] AndroidManifest.xml:19:19-91
77        <activity android:name="com.paypal.android.sdk.payments.PayPalProfileSharingActivity" />
77-->[com.paypal.sdk:paypal-android-sdk:2.15.3] AndroidManifest.xml:20:9-97
77-->[com.paypal.sdk:paypal-android-sdk:2.15.3] AndroidManifest.xml:20:19-94
78        <activity android:name="com.paypal.android.sdk.payments.ProfileSharingConsentActivity" />
78-->[com.paypal.sdk:paypal-android-sdk:2.15.3] AndroidManifest.xml:21:9-98
78-->[com.paypal.sdk:paypal-android-sdk:2.15.3] AndroidManifest.xml:21:19-95
79
80        <service
80-->[com.paypal.sdk:paypal-android-sdk:2.15.3] AndroidManifest.xml:23:9-25:40
81            android:name="com.paypal.android.sdk.payments.PayPalService"
81-->[com.paypal.sdk:paypal-android-sdk:2.15.3] AndroidManifest.xml:24:13-73
82            android:exported="false" />
82-->[com.paypal.sdk:paypal-android-sdk:2.15.3] AndroidManifest.xml:25:13-37
83
84        <activity
84-->[com.google.android.gms:play-services-base:17.1.0] AndroidManifest.xml:23:9-26:75
85            android:name="com.google.android.gms.common.api.GoogleApiActivity"
85-->[com.google.android.gms:play-services-base:17.1.0] AndroidManifest.xml:24:13-79
86            android:exported="false"
86-->[com.google.android.gms:play-services-base:17.1.0] AndroidManifest.xml:25:13-37
87            android:theme="@android:style/Theme.Translucent.NoTitleBar" />
87-->[com.google.android.gms:play-services-base:17.1.0] AndroidManifest.xml:26:13-72
88
89        <meta-data
89-->[com.google.android.gms:play-services-basement:17.1.1] AndroidManifest.xml:23:9-25:69
90            android:name="com.google.android.gms.version"
90-->[com.google.android.gms:play-services-basement:17.1.1] AndroidManifest.xml:24:13-58
91            android:value="@integer/google_play_services_version" />
91-->[com.google.android.gms:play-services-basement:17.1.1] AndroidManifest.xml:25:13-66
92
93        <activity
93-->[io.card:android-sdk:5.5.0] AndroidManifest.xml:20:9-22:66
94            android:name="io.card.payment.CardIOActivity"
94-->[io.card:android-sdk:5.5.0] AndroidManifest.xml:21:13-58
95            android:configChanges="keyboardHidden|orientation" />
95-->[io.card:android-sdk:5.5.0] AndroidManifest.xml:22:13-63
96        <activity android:name="io.card.payment.DataEntryActivity" />
96-->[io.card:android-sdk:5.5.0] AndroidManifest.xml:23:9-70
96-->[io.card:android-sdk:5.5.0] AndroidManifest.xml:23:19-67
97    </application>
98
99</manifest>